<?xml version="1.0" encoding="UTF-8"?>
<!-- Generated by org.testng.reporters.JUnitReportReporter -->
<testsuite hostname="DESKTOP-N00CFO2" failures="0" tests="1" name="Flyaway.Project1.Flyaway" time="10.490" errors="0" timestamp="2023-09-16T21:58:12 IST" skipped="0">
  <testcase classname="Flyaway.Project1.Flyaway" name="Login" time="10.490"/>
</testsuite> <!-- Flyaway.Project1.Flyaway -->
